driver_version(1.5.0) not match paddle_lite_version(1.5.3) 
sss
sss
Traceback (most recent call last):
  File "video_record.py", line 501, in <module>
    main()
  File "video_record.py", line 474, in main
    time.sleep(2)
KeyboardInterrupt
driver_version(1.5.0) not match paddle_lite_version(1.5.3) 
sss
sss
IDLE
IDLE
IDLE
IDLE
IDLE
IDLE
IDLE
IDLE
IDLE
IDLE
IDLE
IDLE
IDLE
IDLE
IDLE
IDLE
IDLE
IDLE
IDLE
IDLE
IDLE
IDLE
IDLE
IDLE
IDLE
IDLE
IDLE
IDLE
IDLE
IDLE
IDLE
IDLE
IDLE
IDLE
IDLE
IDLE
IDLE
IDLE
IDLE
IDLE
IDLE
IDLE
IDLE
IDLE
IDLE
IDLE
IDLE
IDLE
IDLE
IDLE
IDLE
IDLE
IDLE
IDLE
IDLE
IDLE
IDLE
IDLE
IDLE
IDLE
IDLE
IDLE
IDLE
IDLE
IDLE
IDLE
IDLE
IDLE
IDLE
IDLE
IDLE
IDLE
IDLE
IDLE
IDLE
IDLE
IDLE
IDLE
IDLE
IDLE
IDLE
IDLE
IDLE
IDLE
IDLE
IDLE
IDLE
IDLE
IDLE
IDLE
IDLE
IDLE
IDLE
IDLE
IDLE
IDLE
IDLE
IDLE
IDLE
IDLE
IDLE
IDLE
IDLE
IDLE
IDLE
IDLE
IDLE
IDLE
IDLE
IDLE
IDLE
IDLE
IDLE
IDLE
IDLE
IDLE
IDLE
IDLE
IDLE
IDLE
IDLE
IDLE
IDLE
IDLE
IDLE
IDLE
IDLE
IDLE
IDLE
IDLE
IDLE
IDLE
IDLE
IDLE
IDLE
IDLE
IDLE
IDLE
IDLE
IDLE
IDLE
IDLE
IDLE
IDLE
IDLE
IDLE
IDLE
IDLE
IDLE
IDLE
IDLE
IDLE
IDLE
IDLE
IDLE
IDLE
IDLE
IDLE
IDLE
IDLE
IDLE
IDLE
IDLE
IDLE
IDLE
IDLE
IDLE
IDLE
IDLE
IDLE
IDLE
IDLE
IDLE
IDLE
IDLE
IDLE
IDLE
IDLE
IDLE
IDLE
IDLE
IDLE
IDLE
IDLE
IDLE
IDLE
IDLE
IDLE
IDLE
IDLE
IDLE
IDLE
IDLE
IDLE
IDLE
IDLE
IDLE
IDLE
IDLE
IDLE
IDLE
IDLE
IDLE
IDLE
IDLE
IDLE
IDLE
IDLE
IDLE
IDLE
IDLE
IDLE
IDLE
IDLE
IDLE
IDLE
IDLE
IDLE
IDLE
IDLE
IDLE
IDLE
IDLE
IDLE
IDLE
IDLE
IDLE
IDLE
IDLE
IDLE
IDLE
IDLE
IDLE
IDLE
IDLE
IDLE
IDLE
IDLE
IDLE
IDLE
IDLE
IDLE
IDLE
IDLE
IDLE
IDLE
IDLE
IDLE
IDLE
IDLE
IDLE
IDLE
IDLE
IDLE
IDLE
IDLE
IDLE
IDLE
IDLE
IDLE
IDLE
IDLE
IDLE
IDLE
IDLE
IDLE
IDLE
IDLE
IDLE
IDLE
IDLE
IDLE
IDLE
IDLE
IDLE
IDLE
IDLE
IDLE
IDLE
IDLE
IDLE
IDLE
IDLE
IDLE
IDLE
IDLE
IDLE
IDLE
IDLE
IDLE
IDLE
IDLE
IDLE
IDLE
IDLE
IDLE
IDLE
IDLE
IDLE
IDLE
IDLE
IDLE
IDLE
IDLE
IDLE
IDLE
IDLE
IDLE
IDLE
IDLE
IDLE
IDLE
IDLE
IDLE
IDLE
IDLE
IDLE
IDLE
IDLE
IDLE
IDLE
IDLE
IDLE
IDLE
IDLE
IDLE
IDLE
IDLE
IDLE
IDLE
IDLE
IDLE
IDLE
IDLE
IDLE
IDLE
IDLE
IDLE
IDLE
IDLE
IDLE
IDLE
IDLE
IDLE
IDLE
IDLE
IDLE
IDLE
IDLE
IDLE
IDLE
IDLE
IDLE
IDLE
IDLE
IDLE
IDLE
IDLE
IDLE
IDLE
IDLE
IDLE
IDLE
IDLE
IDLE
IDLE
IDLE
IDLE
IDLE
IDLE
IDLE
IDLE
IDLE
IDLE
IDLE
IDLE
IDLE
IDLE
IDLE
IDLE
IDLE
IDLE
IDLE
IDLE
IDLE
IDLE
IDLE
IDLE
IDLE
IDLE
IDLE
IDLE
IDLE
IDLE
IDLE
IDLE
IDLE
IDLE
IDLE
IDLE
IDLE
IDLE
IDLE
IDLE
IDLE
IDLE
IDLE
IDLE
IDLE
IDLE
IDLE
IDLE
IDLE
IDLE
IDLE
IDLE
IDLE
IDLE
IDLE
IDLE
IDLE
IDLE
IDLE
IDLE
IDLE
IDLE
IDLE
IDLE
IDLE
IDLE
IDLE
IDLE
IDLE
IDLE
IDLE
IDLE
IDLE
IDLE
IDLE
IDLE
IDLE
IDLE
IDLE
IDLE
IDLE
IDLE
IDLE
IDLE
IDLE
IDLE
IDLE
IDLE
IDLE
IDLE
IDLE
IDLE
IDLE
IDLE
IDLE
IDLE
IDLE
IDLE
IDLE
IDLE
IDLE
IDLE
IDLE
IDLE
IDLE
IDLE
IDLE
IDLE
IDLE
IDLE
IDLE
IDLE
IDLE
IDLE
IDLE
IDLE
IDLE
IDLE
IDLE
IDLE
IDLE
IDLE
IDLE
IDLE
IDLE
IDLE
IDLE
IDLE
IDLE
IDLE
IDLE
IDLE
IDLE
IDLE
IDLE
IDLE
IDLE
IDLE
IDLE
IDLE
IDLE
IDLE
IDLE
IDLE
IDLE
IDLE
IDLE
IDLE
IDLE
IDLE
IDLE
IDLE
IDLE
IDLE
IDLE
IDLE
IDLE
IDLE
IDLE
IDLE
IDLE
IDLE
IDLE
IDLE
IDLE
IDLE
IDLE
IDLE
IDLE
IDLE
IDLE
IDLE
IDLE
IDLE
IDLE
IDLE
IDLE
IDLE
IDLE
IDLE
IDLE
IDLE
IDLE
IDLE
IDLE
IDLE
IDLE
IDLE
IDLE
IDLE
IDLE
IDLE
IDLE
IDLE
IDLE
IDLE
IDLE
IDLE
IDLE
IDLE
IDLE
IDLE
IDLE
IDLE
IDLE
IDLE
IDLE
IDLE
IDLE
IDLE
IDLE
IDLE
IDLE
IDLE
IDLE
IDLE
IDLE
IDLE
IDLE
IDLE
IDLE
IDLE
IDLE
IDLE
IDLE
IDLE
IDLE
IDLE
IDLE
IDLE
IDLE
IDLE
IDLE
IDLE
IDLE
IDLE
IDLE
IDLE
IDLE
IDLE
IDLE
IDLE
IDLE
IDLE
IDLE
IDLE
IDLE
IDLE
IDLE
IDLE
IDLE
IDLE
IDLE
IDLE
IDLE
IDLE
IDLE
IDLE
IDLE
IDLE
IDLE
IDLE
IDLE
IDLE
IDLE
IDLE
IDLE
IDLE
IDLE
IDLE
IDLE
IDLE
IDLE
IDLE
IDLE
IDLE
IDLE
IDLE
IDLE
IDLE
IDLE
IDLE
IDLE
IDLE
IDLE
IDLE
IDLE
IDLE
IDLE
IDLE
IDLE
IDLE
IDLE
IDLE
IDLE
IDLE
IDLE
IDLE
IDLE
IDLE
IDLE
IDLE
IDLE
IDLE
IDLE
IDLE
IDLE
IDLE
IDLE
IDLE
IDLE
IDLE
IDLE
IDLE
IDLE
IDLE
IDLE
IDLE
IDLE
IDLE
IDLE
IDLE
IDLE
IDLE
IDLE
IDLE
IDLE
IDLE
IDLE
IDLE
IDLE
IDLE
IDLE
IDLE
IDLE
IDLE
IDLE
IDLE
IDLE
IDLE
IDLE
IDLE
IDLE
IDLE
IDLE
IDLE
IDLE
IDLE
IDLE
IDLE
IDLE
IDLE
IDLE
IDLE
IDLE
IDLE
IDLE
IDLE
IDLE
IDLE
IDLE
IDLE
IDLE
IDLE
IDLE
IDLE
IDLE
IDLE
IDLE
IDLE
IDLE
IDLE
IDLE
IDLE
IDLE
IDLE
IDLE
IDLE
IDLE
IDLE
IDLE
IDLE
IDLE
IDLE
IDLE
IDLE
IDLE
IDLE
IDLE
IDLE
IDLE
IDLE
IDLE
IDLE
IDLE
IDLE
IDLE
IDLE
IDLE
IDLE
IDLE
IDLE
IDLE
IDLE
IDLE
IDLE
IDLE
IDLE
IDLE
IDLE
IDLE
IDLE
IDLE
IDLE
IDLE
IDLE
IDLE
IDLE
IDLE
IDLE
IDLE
IDLE
IDLE
IDLE
IDLE
IDLE
IDLE
IDLE
IDLE
IDLE
IDLE
IDLE
IDLE
IDLE
IDLE
IDLE
IDLE
IDLE
IDLE
IDLE
IDLE
IDLE
IDLE
IDLE
IDLE
IDLE
IDLE
IDLE
IDLE
IDLE
IDLE
IDLE
IDLE
IDLE
IDLE
IDLE
IDLE
IDLE
IDLE
IDLE
IDLE
IDLE
IDLE
IDLE
IDLE
IDLE
IDLE
IDLE
IDLE
IDLE
IDLE
IDLE
IDLE
IDLE
IDLE
IDLE
IDLE
IDLE
IDLE
IDLE
IDLE
IDLE
IDLE
IDLE
IDLE
IDLE
IDLE
IDLE
IDLE
IDLE
IDLE
IDLE
IDLE
IDLE
IDLE
IDLE
IDLE
IDLE
IDLE
IDLE
IDLE
IDLE
IDLE
IDLE
IDLE
IDLE
IDLE
IDLE
IDLE
IDLE
IDLE
IDLE
IDLE
IDLE
IDLE
IDLE
IDLE
IDLE
IDLE
IDLE
IDLE
IDLE
IDLE
IDLE
IDLE
IDLE
IDLE
IDLE
IDLE
IDLE
IDLE
IDLE
IDLE
IDLE
IDLE
IDLE
IDLE
IDLE
IDLE
IDLE
IDLE
IDLE
IDLE
IDLE
IDLE
IDLE
IDLE
IDLE
IDLE
IDLE
IDLE
IDLE
IDLE
IDLE
IDLE
IDLE
IDLE
IDLE
IDLE
IDLE
IDLE
IDLE
IDLE
IDLE
IDLE
IDLE
IDLE
IDLE
IDLE
IDLE
IDLE
IDLE
IDLE
IDLE
IDLE
IDLE
IDLE
IDLE
IDLE
IDLE
IDLE
IDLE
IDLE
IDLE
IDLE
IDLE
IDLE
IDLE
IDLE
IDLE
IDLE
IDLE
IDLE
IDLE
IDLE
IDLE
IDLE
IDLE
IDLE
IDLE
IDLE
IDLE
IDLE
IDLE
IDLE
IDLE
IDLE
IDLE
IDLE
IDLE
IDLE
IDLE
IDLE
IDLE
IDLE
IDLE
IDLE
IDLE
IDLE
IDLE
IDLE
IDLE
IDLE
IDLE
IDLE
IDLE
IDLE
IDLE
IDLE
IDLE
IDLE
IDLE
IDLE
IDLE
IDLE
IDLE
IDLE
IDLE
IDLE
IDLE
IDLE
IDLE
IDLE
IDLE
IDLE
IDLE
IDLE
IDLE
IDLE
IDLE
IDLE
IDLE
IDLE
IDLE
IDLE
IDLE
IDLE
IDLE
IDLE
IDLE
IDLE
IDLE
IDLE
IDLE
IDLE
IDLE
IDLE
IDLE
IDLE
IDLE
IDLE
IDLE
IDLE
IDLE
IDLE
IDLE
IDLE
IDLE
IDLE
IDLE
IDLE
IDLE
IDLE
IDLE
IDLE
IDLE
IDLE
IDLE
IDLE
IDLE
IDLE
IDLE
IDLE
IDLE
IDLE
IDLE
IDLE
IDLE
IDLE
IDLE
IDLE
IDLE
IDLE
IDLE
IDLE
IDLE
IDLE
IDLE
IDLE
IDLE
IDLE
IDLE
IDLE
IDLE
IDLE
IDLE
IDLE
IDLE
IDLE
IDLE
IDLE
IDLE
IDLE
IDLE
IDLE
IDLE
IDLE
IDLE
IDLE
IDLE
IDLE
IDLE
IDLE
IDLE
IDLE
IDLE
IDLE
IDLE
IDLE
IDLE
IDLE
IDLE
IDLE
IDLE
IDLE
IDLE
IDLE
IDLE
IDLE
IDLE
IDLE
IDLE
IDLE
IDLE
IDLE
IDLE
IDLE
IDLE
IDLE
IDLE
IDLE
IDLE
IDLE
IDLE
IDLE
IDLE
IDLE
IDLE
IDLE
IDLE
IDLE
IDLE
IDLE
IDLE
IDLE
IDLE
IDLE
IDLE
IDLE
IDLE
IDLE
IDLE
IDLE
IDLE
IDLE
IDLE
IDLE
IDLE
IDLE
IDLE
IDLE
IDLE
IDLE
IDLE
IDLE
IDLE
IDLE
IDLE
IDLE
IDLE
IDLE
IDLE
IDLE
IDLE
IDLE
IDLE
IDLE
IDLE
IDLE
IDLE
IDLE
IDLE
IDLE
IDLE
IDLE
IDLE
IDLE
IDLE
IDLE
IDLE
IDLE
IDLE
IDLE
IDLE
IDLE
IDLE
IDLE
IDLE
IDLE
IDLE
IDLE
IDLE
IDLE
IDLE
IDLE
IDLE
IDLE
IDLE
IDLE
IDLE
IDLE
IDLE
IDLE
IDLE
IDLE
IDLE
IDLE
IDLE
IDLE
IDLE
IDLE
IDLE
IDLE
IDLE
IDLE
IDLE
IDLE
IDLE
IDLE
IDLE
IDLE
IDLE
-0.000578374
-0.000728607
-0.00102326
-0.00190448
-0.00111771
-0.0012989
-0.00251963
-0.00386238
-0.00448222
-0.00597755
-0.0125497
-0.0828783
-0.0617195
-0.145446
-0.124954
-0.121828
-0.086393
-0.0794829
-0.139825
-0.111051
-0.0631482
-0.0169204
-0.0488807
-0.128437
-0.0189644
-0.0154788
-0.0216336
-0.0117869
-0.0149067
-0.0103069
-0.0070723
-0.0115581
-0.0352332
-0.0293343
-0.0192542
-0.0400177
-0.0541158
-0.0358123
-0.0678278
-0.100248
-0.0757215
-0.318152
-0.22288
-0.29849
-0.25202
-0.312436
-0.335163
-0.189338
-0.238367
-0.261142
-0.299602
-0.220559
-0.195216
-0.249045
-0.107976
-0.116835
-0.151057
-0.257043
-0.298045
-0.313977
-0.125314
-0.133236
-0.302488
-0.25202
-0.473938
-0.376308
-0.333211
-0.236178
-0.0242872
-0.0649718
-0.00637807
-0.00230786
0.00149438
-0.00225445
-0.000995636
-0.00301169
0.000272006
0.00016284
0.00124451
-0.00870493
6.13928e-05
-0.00327871
-0.00643151
-0.0123056
-0.0570364
-0.0739614
-0.0628443
-0.0645464
-0.119061
-0.0844541
-0.173874
-0.194041
-0.171032
-0.0646072
-0.0252937
-0.00981108
-0.00234412
-0.00329782
-0.00185391
-0.000823974
0.0017538
0.00332833
0.00430297
0.00440978
0.00458522
0.00500863
0.00375173
0.0030918
0.00339694
0.0052795
0.00889564
0.00884224
0.0125573
0.0142431
0.0143499
0.0175916
0.0193915
0.0157916
0.00939149
-0.00719821
-0.075236
-0.11069
-0.246295
-0.358357
-0.358357
-0.452657
-0.445837
-0.389434
-0.381118
-0.44113
-0.451492
-0.482225
-0.571275
-0.577492
-0.62514
-0.631934
-0.712905
-0.684431
-0.730903
-0.792139
-0.79359
-0.74578
-0.670699
-0.475073
-0.495969
-0.570288
-0.596688
-0.517736
-0.390676
-0.40608
-0.119603
-0.0503724
-0.000136495
-0.0228232
-0.0916004
-0.16225
-0.452463
-0.529432
-0.650617
-0.578792
-0.560321
-0.426464
-0.385907
-0.145207
0.00236317
-0.000230908
0.00174713
0.000699043
-0.000241637
-0.00368116
-0.00727068
-0.00616449
-0.0155703
-0.099523
-0.121107
-0.246754
-0.333211
-0.407099
-0.390676
-0.620057
-0.770867
-0.734522
-0.616134
-0.396659
-0.088089
-0.00624078
-0.00290676
0.00116065
0.00353814
0.00507348
0.0072936
0.00387952
0.00137615
-0.0008502
0.00755676
0.0393169
0.0740221
0.0748111
0.054846
0.0265593
0.0422112
0.0179271
0.0305691
0.10194
0.265233
0.383411
0.37547
0.429256
0.381118
0.371268
0.342295
0.358996
0.381535
0.403222
0.3857
0.388605
0.375889
0.370847
0.382786
0.39563
0.430251
0.485217
0.536424
0.500374
0.482599
0.499641
0.476584
0.467095
0.470143
0.47318
0.449156
0.431246
0.35708
0.298935
0.37274
0.42206
0.407303
0.491538
0.478845
0.555951
0.544718
0.588451
0.576515
0.552229
0.513075
0.427262
0.261597
0.170795
0.177778
0.237561
0.175768
0.205293
0.172572
0.0811808
0.0606554
0.173519
0.0920846
0.16225
0.258183
0.370004
0.423062
0.400561
0.223228
0.151653
0.0963191
0.0568843
0.0232502
0.00577917
0.0210845
0.1415
0.0164932
0.0377018
0.00395202
0.00417324
0.00500482
0.00428008
0.0057601
0.00722488
0.00654213
0.00623312
0.0339225
0.0257512
0.0234332
0.161417
0.170795
0.185805
0.17766
0.221255
0.172454
0.196038
0.0946257
0.0380675
0.0338616
0.0447699
0.0411145
0.055059
0.0995834
0.0737793
0.134795
0.185097
0.23687
0.160109
0.151295
0.308244
0.360696
0.324501
0.191691
0.0934158
0.127717
0.103812
0.050555
0.0873016
0.12267
0.104536
0.0169967
0.0117487
0.014716
0.0208557
0.046323
0.0333434
0.0958353
0.15511
0.132877
0.0946862
0.135873
0.101215
0.142337
0.147596
0.262052
0.341001
0.329516
0.375679
0.438373
0.423663
0.404039
0.362394
0.308685
0.264551
0.181086
0.159991
0.151772
0.149386
0.163319
0.149386
0.13767
0.11081
0.10194
0.0881495
0.127957
0.148431
0.160109
0.186512
0.186512
0.195098
0.251562
0.275867
0.293367
0.336029
0.277671
0.34853
0.304483
0.255218
0.225546
0.267047
0.226589
0.244919
0.280147
0.301378
0.388191
0.475829
0.551889
0.550529
0.603251
0.595429
0.606039
0.460195
0.458461
0.420855
0.486336
0.523786
0.541965
0.54162
0.602629
0.626625
0.621258
0.624247
0.62781
0.626625
0.589089
0.581061
0.645234
0.68261
0.708312
0.565325
0.332994
0.265459
0.123932
0.0503419
0.0380675
0.033008
0.0836056
0.156777
0.211132
0.241013
0.265005
0.278121
0.302931
0.281496
0.320126
0.309127
0.310893
0.286659
0.242967
0.223344
0.200142
0.27361
0.32144
0.326684
0.284865
0.304483
0.272932
0.29091
0.282171
0.292027
0.291804
0.295151
0.274513
0.317274
0.257727
0.238597
0.221487
0.231216
0.195333
0.183564
0.178842
0.126636
0.136352
0.148193
0.152846
0.139107
0.137431
0.146401
0.152726
0.159991
0.176596
0.213929
0.247671
0.257727
0.298268
0.343803
0.347457
0.397482
0.418038
0.416223
0.415011
0.394187
0.39233
0.382161
0.378611
0.392949
0.392123
0.408727
0.412381
0.419246
0.427861
0.399945
0.385284
0.402199
0.38466
0.377774
0.356867
0.346598
0.343587
0.353026
0.349173
0.364724
0.379029
0.368317
0.364513
0.376518
0.36705
0.359846
0.361545
0.370636
0.358996
0.37547
0.356441
0.375679
0.378193
0.360908
0.377565
0.430052
0.475829
0.473559
0.470523
0.489684
0.546775
0.558308
0.545404
0.494126
0.511635
0.498541
0.494863
0.4956
0.51523
0.474695
0.433627
0.396659
0.423062
0.482599
0.503661
0.491908
0.450714
0.402608
0.417434
0.260915
0.234795
0.187807
0.205643
0.115269
0.125194
0.147476
0.131677
0.164151
0.114305
0.10526
0.138149
0.0961377
0.167
0.16427
0.221139
0.242163
0.185333
0.193336
0.273158
0.291804
0.347886
0.322315
0.414405
0.448571
0.425665
0.449351
0.257955
0.0748718
-0.0155398
-0.086817
-0.00722875
0.0688606
0.0102154
0.0317886
0.0992812
0.229713
0.241703
0.170321
0.195098
0.176359
0.184862
0.166288
0.149148
0.00524898
0.00393292
0.0189644
0.0130913
0.00284385
0.00185969
-0.00135329
0.000759572
0.00109768
0.000709534
0.00143531
0.00306894
0.00373459
0.0035686
0.00284575
0.004467
0.00169563
-8.96454e-05
-0.121167
-0.175768
-0.17269
-0.285986
-0.198619
-0.380492
-0.360483
-0.216955
-0.157134
-0.202134
-0.244689
-0.225083
-0.11292
-0.197328
-0.0491242
-0.283967
-0.276318
-0.280597
-0.533985
-0.497807
-0.356441
-0.274965
-0.197211
-0.00536723
-0.000113457
0.00516125
0.0194677
0.112317
0.169135
0.148312
0.0248972
0.0460185
0.0951096
0.287331
0.378193
0.405876
0.370215
0.360908
0.479221
0.435212
0.445641
0.445837
0.472422
0.370425
0.344448
0.359208
0.308465
0.330169
0.300713
0.257499
0.226241
0.227168
0.229135
0.200845
0.170202
0.254076
0.267274
0.268634
0.285314
0.307802
0.341864
0.356441
0.319249
0.326684
0.347028
0.329081
0.328645
0.323846
0.292251
0.306917
0.298935
0.330821
0.314197
0.313096
0.308023
0.332342
0.347242
0.366839
0.36303
0.366416
0.426464
0.457497
0.440737
0.448766
0.446032
0.444271
0.503661
0.552229
0.575209
0.581707
0.588132
0.614314
0.652303
0.686502
0.709769
0.783999
0.756837
0.675771
0.608812
0.578142
0.478092
0.384244
0.427861
0.403222
0.335379
0.117557
0.00465769
0.00290485
8.15392e-05
0.000948905
0.00188732
0.00219726
0.00201988
0.00247195
0.00143722
-0.00076577
-0.000974178
-0.00234603
0.000622302
0.00158217
0.0031109
0.000950813
-0.001668
-0.00109005
-0.000838756
-0.00353236
-0.103389
-0.111594
-0.0828177
-0.0768744
-0.0291208
-0.0121225
-0.0391645
-0.0953515
-0.210315
-0.274739
-0.274739
-0.255902
-0.41015
-0.3946
-0.322534
-0.239633
-0.248816
-0.384868
-0.442505
-0.501106
-0.672307
-0.657046
-0.683651
-0.767678
-0.779441
-0.777131
-0.795032
-0.85073
-0.85499
-0.884377
-0.903547
-0.916452
-0.938065
-0.927968
-0.892996
-0.874651
-0.796107
-0.636022
-0.308244
-0.197211
-0.190044
-0.0536289
-0.0471452
-0.0350199
-0.045714
-0.0994625
-0.162606
-0.169491
-0.196155
-0.211132
-0.0980724
-0.157015
-0.135274
-0.15642
-0.138508
-0.221487
-0.242507
-0.37274
-0.408727
-0.653424
-0.727014
-0.785125
-0.721442
-0.724703
-0.737654
-0.581384
-0.595429
-0.577492
-0.435212
-0.441523
-0.41703
-0.426664
-0.451686
-0.446423
-0.41015
-0.371689
-0.271802
-0.173993
-0.160228
-0.0912978
-0.0292428
-0.013488
-0.0384942
-0.0667949
-0.306696
-0.508745
-0.759536
-0.866619
-0.878273
-0.814624
-0.607581
-0.37526
-0.159277
-0.0908136
-0.0664911
-0.0709863
-0.0969238
-0.122971
-0.138748
-0.555951
-0.759536
-0.812312
-0.819494
-0.701682
-0.503661
-0.364513
-0.498541
-0.54093
-0.698195
-0.738543
-0.789579
-0.779058
-0.722143
-0.575209
-0.620958
-0.568968
-0.63369
-0.623352
-0.615831
-0.579441
-0.473559
-0.465184
-0.290016
-0.296487
-0.150818
-0.109906
-0.0214811
-0.000115842
0.000234127
0.000410825
-0.00434108
-0.0253546
-0.246524
-0.294259
-0.440933
-0.431842
-0.467476
-0.433033
-0.37526
-0.252248
-0.00295259
-0.000886887
0.00253867
0.00259589
0.000997543
0.00267409
-0.0229452
-0.132397
-0.280597
-0.267727
-0.265233
-0.266821
-0.193806
-0.164507
-0.129757
-0.0843935
-0.087665
-0.0624796
-0.0467494
-0.0373971
-0.113763
-0.128557
-0.138748
-0.0968028
-0.136712
-0.0941418
-0.0388293
-0.057006
-0.0479064
-0.0242415
-0.0235705
-0.0319106
-0.00995602
-0.00958986
-0.0106044
-0.0124658
-0.00751099
-0.00755297
-0.00389099
-0.00546644
-0.0233417
-0.0149525
-0.0263611
-0.00860576
-0.0162034
-0.0237382
-0.0296544
-0.0616588
-0.0265746
-0.0260408
-0.0677671
-0.035538
-0.0360562
-0.0338921
-0.0307368
-0.0335567
-0.0392559
-0.133836
-0.282395
-0.411976
-0.381118
-0.384452
-0.223228
-0.0902688
-0.0519856
-0.0963796
-0.0712293
-0.145087
-0.176241
-0.0935368
-0.288226
-0.328645
-0.332994
-0.339274
-0.347242
-0.329951
-0.427462
-0.331039
-0.214977
-0.239978
-0.235025
-0.0608378
-0.0514682
-0.00255772
-0.00344847
0.000967025
0.000871658
0.00413131
0.00605766
0.00514596
0.00585549
0.000988006
0.00666034
0.0330995
0.105442
0.0429423
0.210315
0.225199
0.224735
0.146162
0.127597
0.0769351
0.0989791
0.144848
0.116774
0.135993
0.154633
0.143892
0.0975888
0.153561
0.211481
0.20424
0.210315
0.217421
0.233872
0.247212
0.232948
0.249274
0.272932
0.239403
0.259322
0.2479
0.207163
0.202134
0.160466
0.207396
0.152011
0.212181
0.139586
0.149028
0.201431
0.192161
0.170676
0.0867564
0.0614155
0.0125115
0.0357818
0.0300508
0.0228689
0.0364219
0.0589221
0.097347
0.110388
0.0430946
0.038616
0.0569147
0.076571
0.0453181
0.0126641
0.00740803
0.00304793
0.0043716
0.00778184
0.00806413
0.00805647
0.00743088
0.006977
0.00744236
0.00598521
0.00524898
0.00529857
0.00430678
0.00215527
-0.000163674
0.000824451
-0.00171754
-0.00248908
-0.00459288
-0.00703797
-0.014533
-0.0155093
-0.023052
-0.0306605
-0.00508496
-0.0050354
-0.00151065
0.00128651
-0.00279998
-0.0107265
-0.0137702
-0.0176678
-0.0184305
-0.0134574
-0.0132057
-0.011886
-0.00548933
-0.00532527
-0.000340194
-0.00216487
0.00134662
0.000769585
0.00116256
0.000898331
0.00145149
0.00124451
0.000174046driver_version(1.5.0) not match paddle_lite_version(1.5.3) 
                                                                                                                                                                                                                                                                                                                                                                                                                                                                                                                                                                                                                                                                                                                                                                                                                                                                                                                                                                                                                                                                                                                                                                                                                                                                                                                                                                                                                                                                                                                                                                                                                                                                                                                                                                                                                                                                                                                                                                                                                                                                                                                                                                                                                                                                                                                                                                                                                                                                                                                                                                                                                                                                                                                                                                                                                                                                                                                                                                                                                                                                                                                                                                                                                                                                                                                                                                                                                                                                                                                                                                                                                                                                                                                                                                                                                                                                     driver_version(1.5.0) not match paddle_lite_version(1.5.3) 
                                                                                                                                                                                                                                                                                                                                                                                                                                                                                                                                                                                                                                                                                                                                                                                                                                                                                                                                                                                                                                                                                                                                                                                                                                                                                                                                                                                                                                                                                                                                                                                                                                                                                                                                                                                                                                                                                                                                                                                                                                                                                                                                                                                                                                                                                                                                                                                                                                                                                                                                                                                                                                                                                                                                                                                                                                                                                                                                                                                                                                                                                                                                                                                                                                                                                                                                                                                                                                                                                                                                                                                                                                                                                                                                                                                                                                                                                                                                                                                                                                                                                                                                                                                                    driver_version(1.5.0) not match paddle_lite_version(1.5.3) 
sss
sss
IDLE
IDLE
IDLE
IDLE
IDLE
IDLE
IDLE
IDLE
IDLE
IDLE
IDLE
IDLE
IDLE
IDLE
IDLE
IDLE
IDLE
IDLE
IDLE
IDLE
IDLE
IDLE
IDLE
IDLE
IDLE
IDLE
IDLE
IDLE
IDLE
IDLE
IDLE
IDLE
IDLE
IDLE
IDLE
IDLE
IDLE
IDLE
IDLE
IDLE
IDLE
IDLE
IDLE
IDLE
IDLE
IDLE
IDLE
IDLE
IDLE
IDLE
IDLE
IDLE
IDLE
IDLE
IDLE
IDLE
IDLE
IDLE
IDLE
IDLE
IDLE
IDLE
IDLE
IDLE
IDLE
IDLE
IDLE
IDLE
IDLE
IDLE
IDLE
IDLE
IDLE
IDLE
IDLE
IDLE
IDLE
IDLE
IDLE
IDLE
IDLE
IDLE
IDLE
IDLE
IDLE
IDLE
IDLE
IDLE
IDLE
IDLE
IDLE
IDLE
IDLE
IDLE
IDLE
IDLE
IDLE
IDLE
IDLE
IDLE
IDLE
IDLE
IDLE
IDLE
IDLE
IDLE
IDLE
IDLE
IDLE
IDLE
IDLE
IDLE
IDLE
IDLE
IDLE
IDLE
IDLE
IDLE
IDLE
IDLE
IDLE
IDLE
IDLE
IDLE
IDLE
IDLE
IDLE
IDLE
IDLE
IDLE
IDLE
IDLE
IDLE
IDLE
IDLE
IDLE
IDLE
IDLE
IDLE
IDLE
IDLE
IDLE
IDLE
IDLE
IDLE
IDLE
IDLE
IDLE
IDLE
IDLE
IDLE
IDLE
IDLE
IDLE
IDLE
IDLE
IDLE
IDLE
IDLE
IDLE
IDLE
IDLE
IDLE
IDLE
IDLE
IDLE
IDLE
IDLE
IDLE
IDLE
IDLE
IDLE
IDLE
IDLE
IDLE
IDLE
IDLE
IDLE
IDLE
IDLE
IDLE
finally...
Traceback (most recent call last):
  File "video_record.py", line 503, in main
    new_state, arg = state_map[current_state](arg)
  File "video_record.py", line 109, in idle_handler
    if start_button.clicked():
  File "/home/root/autostart/src/widgets.py", line 16, in clicked
    serial.write(self.cmd_data)
  File "/home/root/autostart/src/serial_port.py", line 19, in write
    self.serial.flush()
  File "/usr/lib/python3.5/site-packages/serial/serialposix.py", line 589, in flush
    termios.tcdrain(self.fd)
KeyboardInterrupt

During handling of the above exception, another exception occurred:

Traceback (most recent call last):
  File "video_record.py", line 516, in <module>
    main()
  File "video_record.py", line 513, in main
    Lightwork(4, "off")
  File "/home/root/autostart/src/obstacle.py", line 92, in Lightwork
    light.lightcontrol(0,light_color[0],light_color[1],light_color[2])
  File "/home/root/autostart/src/widgets.py", line 125, in lightcontrol
    serial.write(cmd_servo_data)
  File "/home/root/autostart/src/serial_port.py", line 20, in write
    self.res = self.serial.readline()
  File "/usr/lib/python3.5/site-packages/serial/serialposix.py", line 483, in read
    ready, _, _ = select.select([self.fd, self.pipe_abort_read_r], [], [], timeout.time_left())
KeyboardInterrupt
Exception ignored in: <module 'threading' from '/usr/lib/python3.5/threading.py'>
Traceback (most recent call last):
  File "/usr/lib/python3.5/threading.py", line 1288, in _shutdown
    t.join()
  File "/usr/lib/python3.5/threading.py", line 1054, in join
    self._wait_for_tstate_lock()
  File "/usr/lib/python3.5/threading.py", line 1070, in _wait_for_tstate_lock
    elif lock.acquire(block, timeout):
KeyboardInterrupt
driver_version(1.5.0) not match paddle_lite_version(1.5.3) 
                                                                                                                                                                                                                                                                                                                                                                                                                                                                                                                                                                                                                                                                                                                                                                                                                                                                                                                                                                                                                                                                                                                                                                                                                                                                                                                                                                 